> 0000:01:00.0 (0300:10de:1c82) Display controller nVidia Corporation:
--------------------------------------------------------------------------------
                  NAME               VERSION          FREEDRIVER           TYPE
--------------------------------------------------------------------------------
video-hybrid-intel-nvidia-prime            2023.03.23               false            PCI
video-hybrid-intel-nvidia-470xx-prime            2023.03.23               false            PCI
video-hybrid-intel-nvidia-390xx-bumblebee            2023.03.23               false            PCI
          video-nvidia            2023.03.23               false            PCI
    video-nvidia-470xx            2023.03.23               false            PCI
    video-nvidia-390xx            2023.03.23               false            PCI
           video-linux            2018.05.04                true            PCI
     video-modesetting            2020.01.13                true            PCI
            video-vesa            2017.03.12                true            PCI


> 0000:00:02.0 (0300:8086:4680) Display controller Intel Corporation:
--------------------------------------------------------------------------------
                  NAME               VERSION          FREEDRIVER           TYPE
--------------------------------------------------------------------------------
video-hybrid-intel-nvidia-prime            2023.03.23               false            PCI
video-hybrid-intel-nvidia-470xx-prime            2023.03.23               false            PCI
video-hybrid-intel-nvidia-390xx-bumblebee            2023.03.23               false            PCI
           video-linux            2018.05.04                true            PCI
     video-modesetting            2020.01.13                true            PCI
            video-vesa            2017.03.12                true            PCI


> Installed PCI configs:
--------------------------------------------------------------------------------
                  NAME               VERSION          FREEDRIVER           TYPE
--------------------------------------------------------------------------------
     video-modesetting            2020.01.13                true            PCI
video-hybrid-intel-nvidia-prime            2023.03.23               false            PCI


Warning: No installed USB configs!
Currently running: 6.6.10-1-MANJARO (linux66)
The following kernels are installed in your system:
   * linux54
   * linux65
